Using pre-set license
Built from '2021.3/staging' branch; Version is '2021.3.1f1 (3b70a0754835) revision 3895456'; Using compiler version '192829333'; Build Type 'Release'
OS: 'Windows 10  (10.0.19042) 64bit Professional' Language: 'ru' Physical Memory: 16321 MB
BatchMode: 1, IsHumanControllingUs: 0, StartBugReporterOnCrash: 0, Is64bit: 1, IsPro: 1

COMMAND LINE ARGUMENTS:
C:\Program Files\Unity 2021.3.1f1\Editor\Unity.exe
-adb2
-batchMode
-noUpm
-name
AssetImportWorker0
-projectPath
C:/Users/ENP/Downloads/Test Project — копия
-logFile
Logs/AssetImportWorker0.log
-srvPort
63980
Successfully changed project path to: C:/Users/ENP/Downloads/Test Project — копия
C:/Users/ENP/Downloads/Test Project — копия
[UnityMemory] Configuration Parameters - Can be set up in boot.config
    "memorysetup-bucket-allocator-granularity=16"
    "memorysetup-bucket-allocator-bucket-count=8"
    "memorysetup-bucket-allocator-block-size=33554432"
    "memorysetup-bucket-allocator-block-count=8"
    "memorysetup-main-allocator-block-size=16777216"
    "memorysetup-thread-allocator-block-size=16777216"
    "memorysetup-gfx-main-allocator-block-size=16777216"
    "memorysetup-gfx-thread-allocator-block-size=16777216"
    "memorysetup-cache-allocator-block-size=4194304"
    "memorysetup-typetree-allocator-block-size=2097152"
    "memorysetup-profiler-bucket-allocator-granularity=16"
    "memorysetup-profiler-bucket-allocator-bucket-count=8"
    "memorysetup-profiler-bucket-allocator-block-size=33554432"
    "memorysetup-profiler-bucket-allocator-block-count=8"
    "memorysetup-profiler-allocator-block-size=16777216"
    "memorysetup-profiler-editor-allocator-block-size=1048576"
    "memorysetup-temp-allocator-size-main=16777216"
    "memorysetup-job-temp-allocator-block-size=2097152"
    "memorysetup-job-temp-allocator-block-size-background=1048576"
    "memorysetup-job-temp-allocator-reduction-small-platforms=262144"
    "memorysetup-temp-allocator-size-background-worker=32768"
    "memorysetup-temp-allocator-size-job-worker=262144"
    "memorysetup-temp-allocator-size-preload-manager=33554432"
    "memorysetup-temp-allocator-size-nav-mesh-worker=65536"
    "memorysetup-temp-allocator-size-audio-worker=65536"
    "memorysetup-temp-allocator-size-cloud-worker=32768"
    "memorysetup-temp-allocator-size-gi-baking-worker=262144"
    "memorysetup-temp-allocator-size-gfx=262144"
Refreshing native plugins compatible for Editor in 101.93 ms, found 3 plugins.
Preloading 0 native plugins for Editor in 0.00 ms.
Initialize engine version: 2021.3.1f1 (3b70a0754835)
[Subsystems] Discovering subsystems at path C:/Program Files/Unity 2021.3.1f1/Editor/Data/Resources/UnitySubsystems
[Subsystems] Discovering subsystems at path C:/Users/ENP/Downloads/Test Project — копия/Assets
GfxDevice: creating device client; threaded=0; jobified=0
Direct3D:
    Version:  Direct3D 11.0 [level 11.1]
    Renderer: NVIDIA GeForce GTX 1050 (ID=0x1c81)
    Vendor:   NVIDIA
    VRAM:     1977 MB
    Driver:   31.0.15.1694
Initialize mono
Mono path[0] = 'C:/Program Files/Unity 2021.3.1f1/Editor/Data/Managed'
Mono path[1] = 'C:/Program Files/Unity 2021.3.1f1/Editor/Data/MonoBleedingEdge/lib/mono/unityjit-win32'
Mono config path = 'C:/Program Files/Unity 2021.3.1f1/Editor/Data/MonoBleedingEdge/etc'
Using monoOptions --debugger-agent=transport=dt_socket,embedding=1,server=y,suspend=n,address=127.0.0.1:56892
Begin MonoManager ReloadAssembly
Registering precompiled unity dll's ...
Register platform support module: C:/Program Files/Unity 2021.3.1f1/Editor/Data/PlaybackEngines/WindowsStandaloneSupport/UnityEditor.WindowsStandalone.Extensions.dll
Registered in 0.013649 seconds.
Native extension for WindowsStandalone target not found
Refreshing native plugins compatible for Editor in 105.11 ms, found 3 plugins.
Preloading 0 native plugins for Editor in 0.00 ms.
Mono: successfully reloaded assembly
- Completed reload, in  1.023 seconds
Domain Reload Profiling:
	ReloadAssembly (1024ms)
		BeginReloadAssembly (150ms)
			ExecutionOrderSort (0ms)
			DisableScriptedObjects (0ms)
			BackupInstance (0ms)
			ReleaseScriptingObjects (0ms)
			CreateAndSetChildDomain (2ms)
		EndReloadAssembly (679ms)
			LoadAssemblies (140ms)
			RebuildTransferFunctionScriptingTraits (0ms)
			SetupTypeCache (212ms)
			ReleaseScriptCaches (0ms)
			RebuildScriptCaches (38ms)
			SetupLoadedEditorAssemblies (359ms)
				LogAssemblyErrors (0ms)
				InitializePlatformSupportModulesInManaged (9ms)
				SetLoadedEditorAssemblies (0ms)
				RefreshPlugins (105ms)
				BeforeProcessingInitializeOnLoad (2ms)
				ProcessInitializeOnLoadAttributes (184ms)
				ProcessInitializeOnLoadMethodAttributes (58ms)
				AfterProcessingInitializeOnLoad (0ms)
				EditorAssembliesLoaded (0ms)
			ExecutionOrderSort2 (0ms)
			AwakeInstancesAfterBackupRestoration (0ms)
Platform modules already initialized, skipping
Registering precompiled user dll's ...
Registered in 0.006499 seconds.
Begin MonoManager ReloadAssembly
Symbol file LoadedFromMemory doesn't match image C:\Users\ENP\Downloads\Test Project — копия\Library\PackageCache\com.unity.visualscripting@1.7.6\Editor\VisualScripting.Core\Dependencies\YamlDotNet\Unity.VisualScripting.YamlDotNet.dll
Symbol file LoadedFromMemory is not a mono symbol file
Symbol file LoadedFromMemory doesn't match image C:\Users\ENP\Downloads\Test Project — копия\Library\PackageCache\com.unity.visualscripting@1.7.6\Editor\VisualScripting.Core\Dependencies\DotNetZip\Unity.VisualScripting.IonicZip.dll
Native extension for WindowsStandalone target not found
Refreshing native plugins compatible for Editor in 0.77 ms, found 3 plugins.
Preloading 0 native plugins for Editor in 0.00 ms.
Mono: successfully reloaded assembly
- Completed reload, in  1.457 seconds
Domain Reload Profiling:
	ReloadAssembly (1458ms)
		BeginReloadAssembly (147ms)
			ExecutionOrderSort (0ms)
			DisableScriptedObjects (10ms)
			BackupInstance (0ms)
			ReleaseScriptingObjects (0ms)
			CreateAndSetChildDomain (24ms)
		EndReloadAssembly (1114ms)
			LoadAssemblies (126ms)
			RebuildTransferFunctionScriptingTraits (0ms)
			SetupTypeCache (343ms)
			ReleaseScriptCaches (2ms)
			RebuildScriptCaches (66ms)
			SetupLoadedEditorAssemblies (507ms)
				LogAssemblyErrors (0ms)
				InitializePlatformSupportModulesInManaged (10ms)
				SetLoadedEditorAssemblies (1ms)
				RefreshPlugins (1ms)
				BeforeProcessingInitializeOnLoad (126ms)
				ProcessInitializeOnLoadAttributes (329ms)
				ProcessInitializeOnLoadMethodAttributes (30ms)
				AfterProcessingInitializeOnLoad (9ms)
				EditorAssembliesLoaded (0ms)
			ExecutionOrderSort2 (0ms)
			AwakeInstancesAfterBackupRestoration (7ms)
Platform modules already initialized, skipping
========================================================================
Worker process is ready to serve import requests
Launched and connected shader compiler UnityShaderCompiler.exe after 0.10 seconds
Refreshing native plugins compatible for Editor in 0.68 ms, found 3 plugins.
Preloading 0 native plugins for Editor in 0.00 ms.
Unloading 3264 Unused Serialized files (Serialized files now loaded: 0)
Unloading 26 unused Assets / (112.7 KB). Loaded Objects now: 3729.
Memory consumption went from 113.3 MB to 113.2 MB.
Total: 3.841700 ms (FindLiveObjects: 0.310300 ms CreateObjectMapping: 0.182700 ms MarkObjects: 3.214300 ms  DeleteObjects: 0.133100 ms)

AssetImportParameters requested are different than current active one (requested -> active):
  custom:video-decoder-ogg-theora: a1e56fd34408186e4bbccfd4996cb3dc -> 
  custom:container-muxer-webm: aa71ff27fc2769a1b78a27578f13a17b -> 
  custom:container-demuxer-webm: 4f35f7cbe854078d1ac9338744f61a02 -> 
  custom:video-encoder-webm-vp8: eb34c28f22e8b96e1ab97ce403110664 -> 
  custom:audio-encoder-webm-vorbis: bf7c407c2cedff20999df2af8eb42d56 -> 
  custom:framework-win-MediaFoundation: 216162199b28c13a410421893ffa2e32 -> 
  custom:container-demuxer-ogg: 62fdf1f143b41e24485cea50d1cbac27 -> 
  custom:video-decoder-webm-vp8: 9c59270c3fd7afecdb556c50c9e8de78 -> 
  custom:audio-decoder-ogg-vorbis: bf7c407c2cedff20999df2af8eb42d56 -> 
========================================================================
Received Import Request.
  Time since last request: 1324935.771295 seconds.
  path: Assets/Scenes/Scenes
  artifactKey: Guid(2105e1ac31ac72e44a361f2a1af2adab) Importer(815301076,1909f56bfc062723c751e8b465ee728b)
Start importing Assets/Scenes/Scenes using Guid(2105e1ac31ac72e44a361f2a1af2adab) Importer(815301076,1909f56bfc062723c751e8b465ee728b)  -> (artifact id: 'b1e844f1fad5cb0c8cfce98f44dfdc65') in 0.006613 seconds 
========================================================================
Received Import Request.
  Time since last request: 0.000026 seconds.
  path: Assets/Scenes/Scenes/SampleScene.unity
  artifactKey: Guid(c5559d96f15c25543bd8f2726f257bd3) Importer(815301076,1909f56bfc062723c751e8b465ee728b)
Start importing Assets/Scenes/Scenes/SampleScene.unity using Guid(c5559d96f15c25543bd8f2726f257bd3) Importer(815301076,1909f56bfc062723c751e8b465ee728b)  -> (artifact id: '1c04cd37171e9d7cc08f6ffe33448f21') in 0.001984 seconds 
========================================================================
Received Import Request.
  Time since last request: 3.733841 seconds.
  path: Assets/Scenes/SampleScene.unity
  artifactKey: Guid(9fc0d4010bbf28b4594072e72b8655ab) Importer(815301076,1909f56bfc062723c751e8b465ee728b)
Start importing Assets/Scenes/SampleScene.unity using Guid(9fc0d4010bbf28b4594072e72b8655ab) Importer(815301076,1909f56bfc062723c751e8b465ee728b)  -> (artifact id: '474fa86bcb47fd861e46b0d2ed56484c') in 0.001738 seconds 
========================================================================
Received Import Request.
  Time since last request: 14.158433 seconds.
  path: Assets/Hero/GG.prefab
  artifactKey: Guid(3dee1ae63c085b442b81010e763d9981) Importer(815301076,1909f56bfc062723c751e8b465ee728b)
Start importing Assets/Hero/GG.prefab using Guid(3dee1ae63c085b442b81010e763d9981) Importer(815301076,1909f56bfc062723c751e8b465ee728b)  -> (artifact id: '41382c9ecba5df1a21b51e31e1df19c2') in 0.284969 seconds 
========================================================================
Received Import Request.
  Time since last request: 3.616377 seconds.
  path: Assets/Hero/Fire.cs
  artifactKey: Guid(433411ecb44121343be9fd655b4bed3b) Importer(815301076,1909f56bfc062723c751e8b465ee728b)
Start importing Assets/Hero/Fire.cs using Guid(433411ecb44121343be9fd655b4bed3b) Importer(815301076,1909f56bfc062723c751e8b465ee728b)  -> (artifact id: 'cc51fc8f0ab3b7954adbda5d3bec9799') in 0.041305 seconds 
========================================================================
Received Import Request.
  Time since last request: 1.545191 seconds.
  path: Assets/Hero/Hero
  artifactKey: Guid(ca240d4bd25ee5c478d68337b40e8355) Importer(815301076,1909f56bfc062723c751e8b465ee728b)
Start importing Assets/Hero/Hero using Guid(ca240d4bd25ee5c478d68337b40e8355) Importer(815301076,1909f56bfc062723c751e8b465ee728b)  -> (artifact id: 'c5537f42b12aeecb9d4608cc000f91f7') in 0.003313 seconds 
========================================================================
Received Import Request.
  Time since last request: 0.080228 seconds.
  path: Assets/Hero/Hero/GG.prefab
  artifactKey: Guid(8397196d524f8f342851720dac2ee45b) Importer(815301076,1909f56bfc062723c751e8b465ee728b)
Start importing Assets/Hero/Hero/GG.prefab using Guid(8397196d524f8f342851720dac2ee45b) Importer(815301076,1909f56bfc062723c751e8b465ee728b)  -> (artifact id: 'dd5e98b159bb00251f145c1e4d89fee3') in 0.084141 seconds 
========================================================================
Received Import Request.
  Time since last request: 0.000041 seconds.
  path: Assets/Hero/Hero/Hero.prefab
  artifactKey: Guid(99ad9586a3c49d1439a3ae923ee21c87) Importer(815301076,1909f56bfc062723c751e8b465ee728b)
Start importing Assets/Hero/Hero/Hero.prefab using Guid(99ad9586a3c49d1439a3ae923ee21c87) Importer(815301076,1909f56bfc062723c751e8b465ee728b)  -> (artifact id: 'cb03f712e249441d8480d7fd787f3338') in 0.148192 seconds 
========================================================================
Received Import Request.
  Time since last request: 23.349490 seconds.
  path: Assets/Hero/Hero/GG.prefab
  artifactKey: Guid(8397196d524f8f342851720dac2ee45b) Importer(815301076,1909f56bfc062723c751e8b465ee728b)
Start importing Assets/Hero/Hero/GG.prefab using Guid(8397196d524f8f342851720dac2ee45b) Importer(815301076,1909f56bfc062723c751e8b465ee728b)  -> (artifact id: '40d6a69636e5ecac28595d1ee1314adf') in 0.005780 seconds 
========================================================================
Received Import Request.
  Time since last request: 14.190634 seconds.
  path: Assets/Hero/Hero/Animation
  artifactKey: Guid(111952f039d3db147a3a3d237c600808) Importer(815301076,1909f56bfc062723c751e8b465ee728b)
Start importing Assets/Hero/Hero/Animation using Guid(111952f039d3db147a3a3d237c600808) Importer(815301076,1909f56bfc062723c751e8b465ee728b)  -> (artifact id: 'a88794a0c98131184a1135e06f3f1478') in 0.003243 seconds 
========================================================================
Received Import Request.
  Time since last request: 0.058328 seconds.
  path: Assets/Hero/Hero/Animation/Ch10.mesh
  artifactKey: Guid(ec70e0bd4edd99d45b877e4405213c29) Importer(815301076,1909f56bfc062723c751e8b465ee728b)
Start importing Assets/Hero/Hero/Animation/Ch10.mesh using Guid(ec70e0bd4edd99d45b877e4405213c29) Importer(815301076,1909f56bfc062723c751e8b465ee728b)  -> (artifact id: '62a402cdea85aa5ff93faf79ae250444') in 0.124155 seconds 
========================================================================
Received Import Request.
  Time since last request: 0.000026 seconds.
  path: Assets/Hero/Hero/Animation/character.fbx
  artifactKey: Guid(874932a188cdb9f49bdffb121fc04658) Importer(815301076,1909f56bfc062723c751e8b465ee728b)
Start importing Assets/Hero/Hero/Animation/character.fbx using Guid(874932a188cdb9f49bdffb121fc04658) Importer(815301076,1909f56bfc062723c751e8b465ee728b)  -> (artifact id: '7b5b25d80780cffee7e8ff6444553fe8') in 0.064546 seconds 
========================================================================
Received Import Request.
  Time since last request: 49.313812 seconds.
  path: Assets/All Else/All Else
  artifactKey: Guid(6859084706747294ab6bf81f6c6401b9) Importer(815301076,1909f56bfc062723c751e8b465ee728b)
Start importing Assets/All Else/All Else using Guid(6859084706747294ab6bf81f6c6401b9) Importer(815301076,1909f56bfc062723c751e8b465ee728b)  -> (artifact id: '50db9ff851430c21eea1915ddd8f22f0') in 0.002942 seconds 
========================================================================
Received Prepare
Registering precompiled user dll's ...
Registered in 0.009182 seconds.
Begin MonoManager ReloadAssembly
Symbol file LoadedFromMemory doesn't match image C:\Users\ENP\Downloads\Test Project — копия\Library\PackageCache\com.unity.visualscripting@1.7.6\Editor\VisualScripting.Core\Dependencies\YamlDotNet\Unity.VisualScripting.YamlDotNet.dll
Symbol file LoadedFromMemory is not a mono symbol file
Symbol file LoadedFromMemory doesn't match image C:\Users\ENP\Downloads\Test Project — копия\Library\PackageCache\com.unity.visualscripting@1.7.6\Editor\VisualScripting.Core\Dependencies\DotNetZip\Unity.VisualScripting.IonicZip.dll
Native extension for WindowsStandalone target not found
Refreshing native plugins compatible for Editor in 0.66 ms, found 3 plugins.
Preloading 0 native plugins for Editor in 0.00 ms.
Mono: successfully reloaded assembly
- Completed reload, in  1.358 seconds
Domain Reload Profiling:
	ReloadAssembly (1359ms)
		BeginReloadAssembly (170ms)
			ExecutionOrderSort (0ms)
			DisableScriptedObjects (7ms)
			BackupInstance (0ms)
			ReleaseScriptingObjects (0ms)
			CreateAndSetChildDomain (48ms)
		EndReloadAssembly (1054ms)
			LoadAssemblies (112ms)
			RebuildTransferFunctionScriptingTraits (0ms)
			SetupTypeCache (447ms)
			ReleaseScriptCaches (2ms)
			RebuildScriptCaches (55ms)
			SetupLoadedEditorAssemblies (387ms)
				LogAssemblyErrors (0ms)
				InitializePlatformSupportModulesInManaged (19ms)
				SetLoadedEditorAssemblies (1ms)
				RefreshPlugins (1ms)
				BeforeProcessingInitializeOnLoad (85ms)
				ProcessInitializeOnLoadAttributes (244ms)
				ProcessInitializeOnLoadMethodAttributes (29ms)
				AfterProcessingInitializeOnLoad (9ms)
				EditorAssembliesLoaded (0ms)
			ExecutionOrderSort2 (0ms)
			AwakeInstancesAfterBackupRestoration (8ms)
Platform modules already initialized, skipping
Refreshing native plugins compatible for Editor in 2.24 ms, found 3 plugins.
Preloading 0 native plugins for Editor in 0.00 ms.
Unloading 3258 Unused Serialized files (Serialized files now loaded: 0)
Unloading 20 unused Assets / (79.7 KB). Loaded Objects now: 3741.
Memory consumption went from 130.4 MB to 130.3 MB.
Total: 4.064700 ms (FindLiveObjects: 0.266400 ms CreateObjectMapping: 0.220300 ms MarkObjects: 3.457400 ms  DeleteObjects: 0.119300 ms)

AssetImportParameters requested are different than current active one (requested -> active):
  custom:video-decoder-ogg-theora: a1e56fd34408186e4bbccfd4996cb3dc -> 
  custom:container-muxer-webm: aa71ff27fc2769a1b78a27578f13a17b -> 
  custom:container-demuxer-webm: 4f35f7cbe854078d1ac9338744f61a02 -> 
  custom:video-encoder-webm-vp8: eb34c28f22e8b96e1ab97ce403110664 -> 
  custom:audio-encoder-webm-vorbis: bf7c407c2cedff20999df2af8eb42d56 -> 
  custom:framework-win-MediaFoundation: 216162199b28c13a410421893ffa2e32 -> 
  custom:container-demuxer-ogg: 62fdf1f143b41e24485cea50d1cbac27 -> 
  custom:video-decoder-webm-vp8: 9c59270c3fd7afecdb556c50c9e8de78 -> 
  custom:audio-decoder-ogg-vorbis: bf7c407c2cedff20999df2af8eb42d56 -> 
========================================================================
Received Prepare
Registering precompiled user dll's ...
Registered in 0.006063 seconds.
Begin MonoManager ReloadAssembly
Symbol file LoadedFromMemory doesn't match image C:\Users\ENP\Downloads\Test Project — копия\Library\PackageCache\com.unity.visualscripting@1.7.6\Editor\VisualScripting.Core\Dependencies\YamlDotNet\Unity.VisualScripting.YamlDotNet.dll
Symbol file LoadedFromMemory is not a mono symbol file
Symbol file LoadedFromMemory doesn't match image C:\Users\ENP\Downloads\Test Project — копия\Library\PackageCache\com.unity.visualscripting@1.7.6\Editor\VisualScripting.Core\Dependencies\DotNetZip\Unity.VisualScripting.IonicZip.dll
Native extension for WindowsStandalone target not found
Refreshing native plugins compatible for Editor in 0.64 ms, found 3 plugins.
Preloading 0 native plugins for Editor in 0.00 ms.
Mono: successfully reloaded assembly
- Completed reload, in  1.420 seconds
Domain Reload Profiling:
	ReloadAssembly (1421ms)
		BeginReloadAssembly (255ms)
			ExecutionOrderSort (0ms)
			DisableScriptedObjects (7ms)
			BackupInstance (0ms)
			ReleaseScriptingObjects (0ms)
			CreateAndSetChildDomain (87ms)
		EndReloadAssembly (1010ms)
			LoadAssemblies (153ms)
			RebuildTransferFunctionScriptingTraits (0ms)
			SetupTypeCache (358ms)
			ReleaseScriptCaches (1ms)
			RebuildScriptCaches (48ms)
			SetupLoadedEditorAssemblies (440ms)
				LogAssemblyErrors (0ms)
				InitializePlatformSupportModulesInManaged (15ms)
				SetLoadedEditorAssemblies (1ms)
				RefreshPlugins (1ms)
				BeforeProcessingInitializeOnLoad (83ms)
				ProcessInitializeOnLoadAttributes (300ms)
				ProcessInitializeOnLoadMethodAttributes (30ms)
				AfterProcessingInitializeOnLoad (10ms)
				EditorAssembliesLoaded (0ms)
			ExecutionOrderSort2 (0ms)
			AwakeInstancesAfterBackupRestoration (9ms)
Platform modules already initialized, skipping
Refreshing native plugins compatible for Editor in 3.20 ms, found 3 plugins.
Preloading 0 native plugins for Editor in 0.00 ms.
Unloading 3258 Unused Serialized files (Serialized files now loaded: 0)
Unloading 19 unused Assets / (79.5 KB). Loaded Objects now: 3744.
Memory consumption went from 130.4 MB to 130.3 MB.
Total: 3.749500 ms (FindLiveObjects: 0.328900 ms CreateObjectMapping: 0.292500 ms MarkObjects: 3.014900 ms  DeleteObjects: 0.112100 ms)

AssetImportParameters requested are different than current active one (requested -> active):
  custom:video-decoder-ogg-theora: a1e56fd34408186e4bbccfd4996cb3dc -> 
  custom:container-muxer-webm: aa71ff27fc2769a1b78a27578f13a17b -> 
  custom:container-demuxer-webm: 4f35f7cbe854078d1ac9338744f61a02 -> 
  custom:video-encoder-webm-vp8: eb34c28f22e8b96e1ab97ce403110664 -> 
  custom:audio-encoder-webm-vorbis: bf7c407c2cedff20999df2af8eb42d56 -> 
  custom:framework-win-MediaFoundation: 216162199b28c13a410421893ffa2e32 -> 
  custom:container-demuxer-ogg: 62fdf1f143b41e24485cea50d1cbac27 -> 
  custom:video-decoder-webm-vp8: 9c59270c3fd7afecdb556c50c9e8de78 -> 
  custom:audio-decoder-ogg-vorbis: bf7c407c2cedff20999df2af8eb42d56 -> 
========================================================================
Received Prepare
Registering precompiled user dll's ...
Registered in 0.008703 seconds.
Begin MonoManager ReloadAssembly
Symbol file LoadedFromMemory doesn't match image C:\Users\ENP\Downloads\Test Project — копия\Library\PackageCache\com.unity.visualscripting@1.7.6\Editor\VisualScripting.Core\Dependencies\YamlDotNet\Unity.VisualScripting.YamlDotNet.dll
Symbol file LoadedFromMemory is not a mono symbol file
Symbol file LoadedFromMemory doesn't match image C:\Users\ENP\Downloads\Test Project — копия\Library\PackageCache\com.unity.visualscripting@1.7.6\Editor\VisualScripting.Core\Dependencies\DotNetZip\Unity.VisualScripting.IonicZip.dll
Native extension for WindowsStandalone target not found
Refreshing native plugins compatible for Editor in 1.77 ms, found 3 plugins.
Preloading 0 native plugins for Editor in 0.00 ms.
Mono: successfully reloaded assembly
- Completed reload, in  1.373 seconds
Domain Reload Profiling:
	ReloadAssembly (1374ms)
		BeginReloadAssembly (190ms)
			ExecutionOrderSort (0ms)
			DisableScriptedObjects (9ms)
			BackupInstance (0ms)
			ReleaseScriptingObjects (0ms)
			CreateAndSetChildDomain (46ms)
		EndReloadAssembly (1034ms)
			LoadAssemblies (136ms)
			RebuildTransferFunctionScriptingTraits (0ms)
			SetupTypeCache (379ms)
			ReleaseScriptCaches (4ms)
			RebuildScriptCaches (56ms)
			SetupLoadedEditorAssemblies (414ms)
				LogAssemblyErrors (0ms)
				InitializePlatformSupportModulesInManaged (18ms)
				SetLoadedEditorAssemblies (1ms)
				RefreshPlugins (2ms)
				BeforeProcessingInitializeOnLoad (89ms)
				ProcessInitializeOnLoadAttributes (258ms)
				ProcessInitializeOnLoadMethodAttributes (34ms)
				AfterProcessingInitializeOnLoad (12ms)
				EditorAssembliesLoaded (0ms)
			ExecutionOrderSort2 (0ms)
			AwakeInstancesAfterBackupRestoration (8ms)
Platform modules already initialized, skipping
Refreshing native plugins compatible for Editor in 1.96 ms, found 3 plugins.
Preloading 0 native plugins for Editor in 0.00 ms.
Unloading 3258 Unused Serialized files (Serialized files now loaded: 0)
Unloading 19 unused Assets / (79.4 KB). Loaded Objects now: 3747.
Memory consumption went from 130.4 MB to 130.4 MB.
Total: 3.317200 ms (FindLiveObjects: 0.275100 ms CreateObjectMapping: 0.227700 ms MarkObjects: 2.704400 ms  DeleteObjects: 0.109200 ms)

AssetImportParameters requested are different than current active one (requested -> active):
  custom:video-decoder-ogg-theora: a1e56fd34408186e4bbccfd4996cb3dc -> 
  custom:container-muxer-webm: aa71ff27fc2769a1b78a27578f13a17b -> 
  custom:container-demuxer-webm: 4f35f7cbe854078d1ac9338744f61a02 -> 
  custom:video-encoder-webm-vp8: eb34c28f22e8b96e1ab97ce403110664 -> 
  custom:audio-encoder-webm-vorbis: bf7c407c2cedff20999df2af8eb42d56 -> 
  custom:framework-win-MediaFoundation: 216162199b28c13a410421893ffa2e32 -> 
  custom:container-demuxer-ogg: 62fdf1f143b41e24485cea50d1cbac27 -> 
  custom:video-decoder-webm-vp8: 9c59270c3fd7afecdb556c50c9e8de78 -> 
  custom:audio-decoder-ogg-vorbis: bf7c407c2cedff20999df2af8eb42d56 -> 
========================================================================
Received Prepare
Registering precompiled user dll's ...
Registered in 0.011313 seconds.
Begin MonoManager ReloadAssembly
Symbol file LoadedFromMemory doesn't match image C:\Users\ENP\Downloads\Test Project — копия\Library\PackageCache\com.unity.visualscripting@1.7.6\Editor\VisualScripting.Core\Dependencies\YamlDotNet\Unity.VisualScripting.YamlDotNet.dll
Symbol file LoadedFromMemory is not a mono symbol file
Symbol file LoadedFromMemory doesn't match image C:\Users\ENP\Downloads\Test Project — копия\Library\PackageCache\com.unity.visualscripting@1.7.6\Editor\VisualScripting.Core\Dependencies\DotNetZip\Unity.VisualScripting.IonicZip.dll
Native extension for WindowsStandalone target not found
Refreshing native plugins compatible for Editor in 0.74 ms, found 3 plugins.
Preloading 0 native plugins for Editor in 0.00 ms.
Mono: successfully reloaded assembly
- Completed reload, in  1.556 seconds
Domain Reload Profiling:
	ReloadAssembly (1557ms)
		BeginReloadAssembly (174ms)
			ExecutionOrderSort (0ms)
			DisableScriptedObjects (7ms)
			BackupInstance (0ms)
			ReleaseScriptingObjects (0ms)
			CreateAndSetChildDomain (44ms)
		EndReloadAssembly (1246ms)
			LoadAssemblies (114ms)
			RebuildTransferFunctionScriptingTraits (0ms)
			SetupTypeCache (377ms)
			ReleaseScriptCaches (2ms)
			RebuildScriptCaches (79ms)
			SetupLoadedEditorAssemblies (587ms)
				LogAssemblyErrors (0ms)
				InitializePlatformSupportModulesInManaged (23ms)
				SetLoadedEditorAssemblies (1ms)
				RefreshPlugins (1ms)
				BeforeProcessingInitializeOnLoad (122ms)
				ProcessInitializeOnLoadAttributes (379ms)
				ProcessInitializeOnLoadMethodAttributes (46ms)
				AfterProcessingInitializeOnLoad (15ms)
				EditorAssembliesLoaded (0ms)
			ExecutionOrderSort2 (0ms)
			AwakeInstancesAfterBackupRestoration (10ms)
Platform modules already initialized, skipping
Refreshing native plugins compatible for Editor in 2.37 ms, found 3 plugins.
Preloading 0 native plugins for Editor in 0.00 ms.
Unloading 3258 Unused Serialized files (Serialized files now loaded: 0)
Unloading 19 unused Assets / (79.4 KB). Loaded Objects now: 3750.
Memory consumption went from 130.4 MB to 130.4 MB.
Total: 3.872900 ms (FindLiveObjects: 0.488800 ms CreateObjectMapping: 0.305700 ms MarkObjects: 2.972900 ms  DeleteObjects: 0.104200 ms)

AssetImportParameters requested are different than current active one (requested -> active):
  custom:video-decoder-ogg-theora: a1e56fd34408186e4bbccfd4996cb3dc -> 
  custom:container-muxer-webm: aa71ff27fc2769a1b78a27578f13a17b -> 
  custom:container-demuxer-webm: 4f35f7cbe854078d1ac9338744f61a02 -> 
  custom:video-encoder-webm-vp8: eb34c28f22e8b96e1ab97ce403110664 -> 
  custom:audio-encoder-webm-vorbis: bf7c407c2cedff20999df2af8eb42d56 -> 
  custom:framework-win-MediaFoundation: 216162199b28c13a410421893ffa2e32 -> 
  custom:container-demuxer-ogg: 62fdf1f143b41e24485cea50d1cbac27 -> 
  custom:video-decoder-webm-vp8: 9c59270c3fd7afecdb556c50c9e8de78 -> 
  custom:audio-decoder-ogg-vorbis: bf7c407c2cedff20999df2af8eb42d56 -> 
========================================================================
Received Import Request.
  Time since last request: 306.228910 seconds.
  path: Assets/Entity/LiveEntity/Enemi/Dying/Dying.fbx
  artifactKey: Guid(e51e1e6bac0092c41999f35fa555f07d) Importer(815301076,1909f56bfc062723c751e8b465ee728b)
Start importing Assets/Entity/LiveEntity/Enemi/Dying/Dying.fbx using Guid(e51e1e6bac0092c41999f35fa555f07d) Importer(815301076,1909f56bfc062723c751e8b465ee728b)  -> (artifact id: '48c90673e6c6e67aa09be540b9ff014d') in 0.159334 seconds 
========================================================================
Received Import Request.
  Time since last request: 0.000033 seconds.
  path: Assets/Entity/LiveEntity/Enemi/Dying/Dying.prefab
  artifactKey: Guid(5a3f61c4e8030644b89f6464d9105a6a) Importer(815301076,1909f56bfc062723c751e8b465ee728b)
Start importing Assets/Entity/LiveEntity/Enemi/Dying/Dying.prefab using Guid(5a3f61c4e8030644b89f6464d9105a6a) Importer(815301076,1909f56bfc062723c751e8b465ee728b)  -> (artifact id: '0e71b4c94de393cf073a6938981ce3a9') in 0.170624 seconds 
========================================================================
Received Import Request.
  Time since last request: 15.100270 seconds.
  path: Assets/Entity/LiveEntity/Enemi/Dying/Dying.fbm/Ch10_1001_Diffuse.mat
  artifactKey: Guid(6c36ec18361d27f4cb634522547ada07) Importer(815301076,1909f56bfc062723c751e8b465ee728b)
Start importing Assets/Entity/LiveEntity/Enemi/Dying/Dying.fbm/Ch10_1001_Diffuse.mat using Guid(6c36ec18361d27f4cb634522547ada07) Importer(815301076,1909f56bfc062723c751e8b465ee728b)  -> (artifact id: 'b1d6b37ff31344c42b06169f81f13a91') in 0.077792 seconds 
========================================================================
Received Import Request.
  Time since last request: 0.000020 seconds.
  path: Assets/Entity/LiveEntity/Enemi/Dying/Dying.fbm/Ch10_1002_Diffuse.mat
  artifactKey: Guid(8c64675ce70f9eb48af2991d36474a7c) Importer(815301076,1909f56bfc062723c751e8b465ee728b)
Start importing Assets/Entity/LiveEntity/Enemi/Dying/Dying.fbm/Ch10_1002_Diffuse.mat using Guid(8c64675ce70f9eb48af2991d36474a7c) Importer(815301076,1909f56bfc062723c751e8b465ee728b)  -> (artifact id: '83844748212ebbf0123dbc210e7dbd85') in 0.015290 seconds 
========================================================================
Received Import Request.
  Time since last request: 14.016027 seconds.
  path: Assets/Entity/LiveEntity/Enemi/Dying/Dying.fbx
  artifactKey: Guid(e51e1e6bac0092c41999f35fa555f07d) Importer(815301076,1909f56bfc062723c751e8b465ee728b)
Start importing Assets/Entity/LiveEntity/Enemi/Dying/Dying.fbx using Guid(e51e1e6bac0092c41999f35fa555f07d) Importer(815301076,1909f56bfc062723c751e8b465ee728b)  -> (artifact id: 'd99d74c3053cfc786b2a921d8e0c452b') in 0.066620 seconds 
========================================================================
Received Import Request.
  Time since last request: 0.000022 seconds.
  path: Assets/Entity/LiveEntity/Enemi/Dying/Dying.prefab
  artifactKey: Guid(5a3f61c4e8030644b89f6464d9105a6a) Importer(815301076,1909f56bfc062723c751e8b465ee728b)
Start importing Assets/Entity/LiveEntity/Enemi/Dying/Dying.prefab using Guid(5a3f61c4e8030644b89f6464d9105a6a) Importer(815301076,1909f56bfc062723c751e8b465ee728b)  -> (artifact id: '068d00c47bfe0db4705bf08b9844e03f') in 0.176267 seconds 
========================================================================
Received Import Request.
  Time since last request: 40.580032 seconds.
  path: Assets/Entity/LiveEntity/Enemi/Dying/Dying.fbx
  artifactKey: Guid(e51e1e6bac0092c41999f35fa555f07d) Importer(815301076,1909f56bfc062723c751e8b465ee728b)
Start importing Assets/Entity/LiveEntity/Enemi/Dying/Dying.fbx using Guid(e51e1e6bac0092c41999f35fa555f07d) Importer(815301076,1909f56bfc062723c751e8b465ee728b)  -> (artifact id: '4590e61922e6be30a4f9dc537ee823c3') in 0.076976 seconds 
========================================================================
Received Import Request.
  Time since last request: 0.000037 seconds.
  path: Assets/Entity/LiveEntity/Enemi/Dying/Dying.prefab
  artifactKey: Guid(5a3f61c4e8030644b89f6464d9105a6a) Importer(815301076,1909f56bfc062723c751e8b465ee728b)
Start importing Assets/Entity/LiveEntity/Enemi/Dying/Dying.prefab using Guid(5a3f61c4e8030644b89f6464d9105a6a) Importer(815301076,1909f56bfc062723c751e8b465ee728b)  -> (artifact id: 'a331c7d21f65b2ae41b991f6f357c94f') in 0.169609 seconds 
========================================================================
Received Import Request.
  Time since last request: 16.695700 seconds.
  path: Assets/Entity/LiveEntity/Enemi/Dying/Dying.prefab
  artifactKey: Guid(5a3f61c4e8030644b89f6464d9105a6a) Importer(815301076,1909f56bfc062723c751e8b465ee728b)
Start importing Assets/Entity/LiveEntity/Enemi/Dying/Dying.prefab using Guid(5a3f61c4e8030644b89f6464d9105a6a) Importer(815301076,1909f56bfc062723c751e8b465ee728b)  -> (artifact id: '93d09e208ff7bfad9ee2ee9fd45e7f45') in 0.177492 seconds 
========================================================================
Received Import Request.
  Time since last request: 80.971178 seconds.
  path: Assets/Entity/LiveEntity/Enemi/Dying/Dying.prefab
  artifactKey: Guid(5a3f61c4e8030644b89f6464d9105a6a) Importer(815301076,1909f56bfc062723c751e8b465ee728b)
Start importing Assets/Entity/LiveEntity/Enemi/Dying/Dying.prefab using Guid(5a3f61c4e8030644b89f6464d9105a6a) Importer(815301076,1909f56bfc062723c751e8b465ee728b)  -> (artifact id: '473402f1916c0d6ae8eb64d17cd2475e') in 0.195075 seconds 
========================================================================
Received Import Request.
  Time since last request: 7.410165 seconds.
  path: Assets/Entity/LiveEntity/Enemi/Dying/Dying.prefab
  artifactKey: Guid(5a3f61c4e8030644b89f6464d9105a6a) Importer(815301076,1909f56bfc062723c751e8b465ee728b)
Start importing Assets/Entity/LiveEntity/Enemi/Dying/Dying.prefab using Guid(5a3f61c4e8030644b89f6464d9105a6a) Importer(815301076,1909f56bfc062723c751e8b465ee728b)  -> (artifact id: 'da4ae9f9a6023e57709c4d3d16e9dd7d') in 0.183396 seconds 
========================================================================
Received Import Request.
  Time since last request: 12.696248 seconds.
  path: Assets/Entity/LiveEntity/Enemi/Dying/Materials
  artifactKey: Guid(57dc2fdbe0b8d66429d88bf6a94c277e) Importer(815301076,1909f56bfc062723c751e8b465ee728b)
Start importing Assets/Entity/LiveEntity/Enemi/Dying/Materials using Guid(57dc2fdbe0b8d66429d88bf6a94c277e) Importer(815301076,1909f56bfc062723c751e8b465ee728b)  -> (artifact id: '25f7a3802f5019346324e8393716e59c') in 0.004082 seconds 
========================================================================
Received Import Request.
  Time since last request: 0.152850 seconds.
  path: Assets/Entity/LiveEntity/Enemi/Dying/Materials/parasiteZombie_body_diffuse.mat
  artifactKey: Guid(21e8b84837527804fb593468b9710bfe) Importer(815301076,1909f56bfc062723c751e8b465ee728b)
Start importing Assets/Entity/LiveEntity/Enemi/Dying/Materials/parasiteZombie_body_diffuse.mat using Guid(21e8b84837527804fb593468b9710bfe) Importer(815301076,1909f56bfc062723c751e8b465ee728b)  -> (artifact id: '976e9cde9a3cf3b478e92d461d6a4b25') in 0.017635 seconds 
========================================================================
Received Import Request.
  Time since last request: 0.000030 seconds.
  path: Assets/Entity/LiveEntity/Enemi/Dying/Materials/parasiteZombie_diffuse.mat
  artifactKey: Guid(8b7c0d689711e094a91ab6b8e28d7ea6) Importer(815301076,1909f56bfc062723c751e8b465ee728b)
Start importing Assets/Entity/LiveEntity/Enemi/Dying/Materials/parasiteZombie_diffuse.mat using Guid(8b7c0d689711e094a91ab6b8e28d7ea6) Importer(815301076,1909f56bfc062723c751e8b465ee728b)  -> (artifact id: '34ab6dd17ae5bfb7a4514b9f9a98b10b') in 0.018879 seconds 
========================================================================
Received Import Request.
  Time since last request: 21.836270 seconds.
  path: Assets/Entity/LiveEntity/Enemi/Dying/Dying.prefab
  artifactKey: Guid(5a3f61c4e8030644b89f6464d9105a6a) Importer(815301076,1909f56bfc062723c751e8b465ee728b)
Start importing Assets/Entity/LiveEntity/Enemi/Dying/Dying.prefab using Guid(5a3f61c4e8030644b89f6464d9105a6a) Importer(815301076,1909f56bfc062723c751e8b465ee728b)  -> (artifact id: '2cb95b99b0653320e6faa6abd16074d8') in 0.174538 seconds 
========================================================================
Received Prepare
Registering precompiled user dll's ...
Registered in 0.008999 seconds.
Begin MonoManager ReloadAssembly
Symbol file LoadedFromMemory doesn't match image C:\Users\ENP\Downloads\Test Project — копия\Library\PackageCache\com.unity.visualscripting@1.7.6\Editor\VisualScripting.Core\Dependencies\YamlDotNet\Unity.VisualScripting.YamlDotNet.dll
Symbol file LoadedFromMemory is not a mono symbol file
Symbol file LoadedFromMemory doesn't match image C:\Users\ENP\Downloads\Test Project — копия\Library\PackageCache\com.unity.visualscripting@1.7.6\Editor\VisualScripting.Core\Dependencies\DotNetZip\Unity.VisualScripting.IonicZip.dll
Native extension for WindowsStandalone target not found
Refreshing native plugins compatible for Editor in 0.88 ms, found 3 plugins.
Preloading 0 native plugins for Editor in 0.00 ms.
Mono: successfully reloaded assembly
- Completed reload, in  2.082 seconds
Domain Reload Profiling:
	ReloadAssembly (2083ms)
		BeginReloadAssembly (187ms)
			ExecutionOrderSort (0ms)
			DisableScriptedObjects (7ms)
			BackupInstance (0ms)
			ReleaseScriptingObjects (0ms)
			CreateAndSetChildDomain (48ms)
		EndReloadAssembly (1759ms)
			LoadAssemblies (132ms)
			RebuildTransferFunctionScriptingTraits (0ms)
			SetupTypeCache (526ms)
			ReleaseScriptCaches (6ms)
			RebuildScriptCaches (100ms)
			SetupLoadedEditorAssemblies (861ms)
				LogAssemblyErrors (0ms)
				InitializePlatformSupportModulesInManaged (41ms)
				SetLoadedEditorAssemblies (1ms)
				RefreshPlugins (1ms)
				BeforeProcessingInitializeOnLoad (262ms)
				ProcessInitializeOnLoadAttributes (477ms)
				ProcessInitializeOnLoadMethodAttributes (60ms)
				AfterProcessingInitializeOnLoad (19ms)
				EditorAssembliesLoaded (0ms)
			ExecutionOrderSort2 (0ms)
			AwakeInstancesAfterBackupRestoration (15ms)
Platform modules already initialized, skipping
Refreshing native plugins compatible for Editor in 2.94 ms, found 3 plugins.
Preloading 0 native plugins for Editor in 0.00 ms.
Unloading 3258 Unused Serialized files (Serialized files now loaded: 0)
Unloading 19 unused Assets / (79.5 KB). Loaded Objects now: 3786.
Memory consumption went from 130.8 MB to 130.7 MB.
Total: 4.685900 ms (FindLiveObjects: 0.393800 ms CreateObjectMapping: 0.418700 ms MarkObjects: 3.579700 ms  DeleteObjects: 0.292400 ms)

AssetImportParameters requested are different than current active one (requested -> active):
  custom:video-decoder-ogg-theora: a1e56fd34408186e4bbccfd4996cb3dc -> 
  custom:container-muxer-webm: aa71ff27fc2769a1b78a27578f13a17b -> 
  custom:container-demuxer-webm: 4f35f7cbe854078d1ac9338744f61a02 -> 
  custom:video-encoder-webm-vp8: eb34c28f22e8b96e1ab97ce403110664 -> 
  custom:audio-encoder-webm-vorbis: bf7c407c2cedff20999df2af8eb42d56 -> 
  custom:framework-win-MediaFoundation: 216162199b28c13a410421893ffa2e32 -> 
  custom:container-demuxer-ogg: 62fdf1f143b41e24485cea50d1cbac27 -> 
  custom:video-decoder-webm-vp8: 9c59270c3fd7afecdb556c50c9e8de78 -> 
  custom:audio-decoder-ogg-vorbis: bf7c407c2cedff20999df2af8eb42d56 -> 
